<?xml version="1.0" encoding="UTF-8"?>
<!-- Generated by org.testng.reporters.JUnitReportReporter -->
<testsuite hostname="YT00520-179" name="TestNG" tests="1" failures="0" timestamp="28 Oct 2016 00:28:44 GMT" time="0.004" errors="0">
  <testcase name="TestNgLearn" time="0.004" classname="TestNG"/>
</testsuite> <!-- TestNG -->
